<?xml version="1.0" encoding="UTF-8"?>
<coverage generated="1722646096867" clover="3.2.0">
  <project timestamp="1722646096867" name="All files">
    <metrics statements="49" coveredstatements="38" conditionals="11" coveredconditionals="7" methods="13" coveredmethods="11" elements="73" coveredelements="56" complexity="0" loc="49" ncloc="49" packages="1" files="3" classes="3"/>
    <file name="RefreshClient.ts" path="/Users/trevor/Downloads/active911/src/RefreshClient.ts">
      <metrics statements="46" coveredstatements="38" conditionals="11" coveredconditionals="7" methods="13" coveredmethods="11"/>
      <line num="13" count="2" type="stmt"/>
      <line num="14" count="28" type="stmt"/>
      <line num="15" count="28" type="cond" truecount="2" falsecount="0"/>
      <line num="20" count="14" type="stmt"/>
      <line num="21" count="14" type="stmt"/>
      <line num="24" count="14" type="cond" truecount="0" falsecount="1"/>
      <line num="25" count="0" type="stmt"/>
      <line num="27" count="14" type="stmt"/>
      <line num="31" count="14" type="stmt"/>
      <line num="44" count="14" type="cond" truecount="0" falsecount="1"/>
      <line num="45" count="0" type="stmt"/>
      <line num="48" count="14" type="stmt"/>
      <line num="49" count="14" type="stmt"/>
      <line num="51" count="14" type="cond" truecount="3" falsecount="0"/>
      <line num="52" count="14" type="stmt"/>
      <line num="53" count="14" type="stmt"/>
      <line num="54" count="14" type="stmt"/>
      <line num="57" count="0" type="stmt"/>
      <line num="63" count="14" type="stmt"/>
      <line num="64" count="14" type="cond" truecount="1" falsecount="0"/>
      <line num="65" count="14" type="stmt"/>
      <line num="68" count="0" type="stmt"/>
      <line num="72" count="14" type="stmt"/>
      <line num="73" count="14" type="stmt"/>
      <line num="74" count="14" type="stmt"/>
      <line num="76" count="14" type="stmt"/>
      <line num="83" count="14" type="stmt"/>
      <line num="85" count="14" type="cond" truecount="1" falsecount="0"/>
      <line num="86" count="6" type="stmt"/>
      <line num="87" count="6" type="cond" truecount="0" falsecount="1"/>
      <line num="88" count="0" type="stmt"/>
      <line num="91" count="6" type="stmt"/>
      <line num="92" count="6" type="stmt"/>
      <line num="95" count="8" type="stmt"/>
      <line num="99" count="9" type="stmt"/>
      <line num="103" count="1" type="stmt"/>
      <line num="110" count="1" type="stmt"/>
      <line num="112" count="1" type="cond" truecount="0" falsecount="1"/>
      <line num="113" count="0" type="stmt"/>
      <line num="116" count="1" type="stmt"/>
      <line num="120" count="1" type="stmt"/>
      <line num="124" count="0" type="stmt"/>
      <line num="128" count="1" type="stmt"/>
      <line num="132" count="1" type="stmt"/>
      <line num="136" count="0" type="stmt"/>
      <line num="140" count="2" type="stmt"/>
    </file>
    <file name="active911.ts" path="/Users/trevor/Downloads/active911/src/active911.ts">
      <metrics statements="1" coveredstatements="0" conditionals="0" coveredconditionals="0" methods="0" coveredmethods="0"/>
      <line num="3" count="0" type="stmt"/>
    </file>
    <file name="types.ts" path="/Users/trevor/Downloads/active911/src/types.ts">
      <metrics statements="2" coveredstatements="0" conditionals="0" coveredconditionals="0" methods="0" coveredmethods="0"/>
      <line num="41" count="0" type="stmt"/>
      <line num="83" count="0" type="stmt"/>
    </file>
  </project>
</coverage>
