{"/Users/trevor/Downloads/active911/src/RefreshClient.ts": {"path":"/Users/trevor/Downloads/active911/src/RefreshClient.ts","statementMap":{"0":{"start":{"line":13,"column":32},"end":{"line":16,"column":3}},"1":{"start":{"line":14,"column":16},"end":{"line":14,"column":33}},"2":{"start":{"line":15,"column":4},"end":{"line":15,"column":51}},"3":{"start":{"line":20,"column":10},"end":{"line":20,"column":36}},"4":{"start":{"line":21,"column":10},"end":{"line":21,"column":69}},"5":{"start":{"line":24,"column":4},"end":{"line":26,"column":5}},"6":{"start":{"line":25,"column":6},"end":{"line":25,"column":56}},"7":{"start":{"line":27,"column":4},"end":{"line":27,"column":39}},"8":{"start":{"line":31,"column":21},"end":{"line":41,"column":null}},"9":{"start":{"line":44,"column":4},"end":{"line":46,"column":5}},"10":{"start":{"line":45,"column":6},"end":{"line":45,"column":69}},"11":{"start":{"line":48,"column":28},"end":{"line":48,"column":49}},"12":{"start":{"line":49,"column":17},"end":{"line":49,"column":47}},"13":{"start":{"line":51,"column":4},"end":{"line":55,"column":5}},"14":{"start":{"line":52,"column":6},"end":{"line":52,"column":44}},"15":{"start":{"line":53,"column":6},"end":{"line":53,"column":52}},"16":{"start":{"line":54,"column":6},"end":{"line":54,"column":31}},"17":{"start":{"line":57,"column":4},"end":{"line":59,"column":6}},"18":{"start":{"line":63,"column":24},"end":{"line":63,"column":47}},"19":{"start":{"line":64,"column":4},"end":{"line":66,"column":5}},"20":{"start":{"line":65,"column":6},"end":{"line":65,"column":40}},"21":{"start":{"line":68,"column":4},"end":{"line":68,"column":29}},"22":{"start":{"line":72,"column":17},"end":{"line":72,"column":70}},"23":{"start":{"line":73,"column":18},"end":{"line":73,"column":46}},"24":{"start":{"line":74,"column":20},"end":{"line":74,"column":35}},"25":{"start":{"line":76,"column":21},"end":{"line":81,"column":6}},"26":{"start":{"line":83,"column":19},"end":{"line":83,"column":70}},"27":{"start":{"line":85,"column":4},"end":{"line":93,"column":5}},"28":{"start":{"line":86,"column":25},"end":{"line":86,"column":67}},"29":{"start":{"line":87,"column":6},"end":{"line":89,"column":7}},"30":{"start":{"line":88,"column":8},"end":{"line":88,"column":18}},"31":{"start":{"line":91,"column":31},"end":{"line":91,"column":44}},"32":{"start":{"line":92,"column":6},"end":{"line":92,"column":46}},"33":{"start":{"line":95,"column":4},"end":{"line":95,"column":42}},"34":{"start":{"line":99,"column":4},"end":{"line":99,"column":51}},"35":{"start":{"line":103,"column":4},"end":{"line":103,"column":64}},"36":{"start":{"line":110,"column":14},"end":{"line":110,"column":23}},"37":{"start":{"line":112,"column":4},"end":{"line":114,"column":5}},"38":{"start":{"line":113,"column":6},"end":{"line":113,"column":59}},"39":{"start":{"line":116,"column":4},"end":{"line":116,"column":53}},"40":{"start":{"line":120,"column":4},"end":{"line":120,"column":62}},"41":{"start":{"line":124,"column":4},"end":{"line":124,"column":73}},"42":{"start":{"line":128,"column":4},"end":{"line":128,"column":65}},"43":{"start":{"line":132,"column":4},"end":{"line":132,"column":68}},"44":{"start":{"line":136,"column":4},"end":{"line":136,"column":68}},"45":{"start":{"line":140,"column":0},"end":{"line":140,"column":29}}},"fnMap":{"0":{"name":"(anonymous_0)","decl":{"start":{"line":13,"column":32},"end":{"line":13,"column":33}},"loc":{"start":{"line":13,"column":60},"end":{"line":16,"column":3}}},"1":{"name":"(anonymous_1)","decl":{"start":{"line":23,"column":2},"end":{"line":23,"column":14}},"loc":{"start":{"line":23,"column":35},"end":{"line":28,"column":3}}},"2":{"name":"(anonymous_2)","decl":{"start":{"line":30,"column":10},"end":{"line":30,"column":15}},"loc":{"start":{"line":30,"column":35},"end":{"line":60,"column":3}}},"3":{"name":"(anonymous_3)","decl":{"start":{"line":62,"column":10},"end":{"line":62,"column":15}},"loc":{"start":{"line":62,"column":31},"end":{"line":69,"column":3}}},"4":{"name":"(anonymous_4)","decl":{"start":{"line":71,"column":10},"end":{"line":71,"column":15}},"loc":{"start":{"line":71,"column":38},"end":{"line":96,"column":3}}},"5":{"name":"(anonymous_5)","decl":{"start":{"line":98,"column":9},"end":{"line":98,"column":18}},"loc":{"start":{"line":98,"column":18},"end":{"line":100,"column":3}}},"6":{"name":"(anonymous_6)","decl":{"start":{"line":102,"column":9},"end":{"line":102,"column":18}},"loc":{"start":{"line":102,"column":29},"end":{"line":104,"column":3}}},"7":{"name":"(anonymous_7)","decl":{"start":{"line":106,"column":9},"end":{"line":106,"column":18}},"loc":{"start":{"line":109,"column":3},"end":{"line":117,"column":3}}},"8":{"name":"(anonymous_8)","decl":{"start":{"line":119,"column":9},"end":{"line":119,"column":17}},"loc":{"start":{"line":119,"column":28},"end":{"line":121,"column":3}}},"9":{"name":"(anonymous_9)","decl":{"start":{"line":123,"column":9},"end":{"line":123,"column":24}},"loc":{"start":{"line":123,"column":35},"end":{"line":125,"column":3}}},"10":{"name":"(anonymous_10)","decl":{"start":{"line":127,"column":9},"end":{"line":127,"column":21}},"loc":{"start":{"line":127,"column":21},"end":{"line":129,"column":3}}},"11":{"name":"(anonymous_11)","decl":{"start":{"line":131,"column":9},"end":{"line":131,"column":20}},"loc":{"start":{"line":131,"column":31},"end":{"line":133,"column":3}}},"12":{"name":"(anonymous_12)","decl":{"start":{"line":135,"column":9},"end":{"line":135,"column":20}},"loc":{"start":{"line":135,"column":31},"end":{"line":137,"column":3}}}},"branchMap":{"0":{"loc":{"start":{"line":15,"column":22},"end":{"line":15,"column":49}},"type":"cond-expr","locations":[{"start":{"line":15,"column":31},"end":{"line":15,"column":43}},{"start":{"line":15,"column":46},"end":{"line":15,"column":49}}]},"1":{"loc":{"start":{"line":24,"column":4},"end":{"line":26,"column":5}},"type":"if","locations":[{"start":{"line":24,"column":4},"end":{"line":26,"column":5}}]},"2":{"loc":{"start":{"line":44,"column":4},"end":{"line":46,"column":5}},"type":"if","locations":[{"start":{"line":44,"column":4},"end":{"line":46,"column":5}}]},"3":{"loc":{"start":{"line":51,"column":4},"end":{"line":55,"column":5}},"type":"if","locations":[{"start":{"line":51,"column":4},"end":{"line":55,"column":5}}]},"4":{"loc":{"start":{"line":51,"column":8},"end":{"line":51,"column":44}},"type":"binary-expr","locations":[{"start":{"line":51,"column":8},"end":{"line":51,"column":25}},{"start":{"line":51,"column":29},"end":{"line":51,"column":44}}]},"5":{"loc":{"start":{"line":64,"column":4},"end":{"line":66,"column":5}},"type":"if","locations":[{"start":{"line":64,"column":4},"end":{"line":66,"column":5}}]},"6":{"loc":{"start":{"line":85,"column":4},"end":{"line":93,"column":5}},"type":"if","locations":[{"start":{"line":85,"column":4},"end":{"line":93,"column":5}}]},"7":{"loc":{"start":{"line":87,"column":6},"end":{"line":89,"column":7}},"type":"if","locations":[{"start":{"line":87,"column":6},"end":{"line":89,"column":7}}]},"8":{"loc":{"start":{"line":112,"column":4},"end":{"line":114,"column":5}},"type":"if","locations":[{"start":{"line":112,"column":4},"end":{"line":114,"column":5}}]}},"s":{"0":2,"1":28,"2":28,"3":14,"4":14,"5":14,"6":0,"7":14,"8":14,"9":14,"10":0,"11":14,"12":14,"13":14,"14":14,"15":14,"16":14,"17":0,"18":14,"19":14,"20":14,"21":0,"22":14,"23":14,"24":14,"25":14,"26":14,"27":14,"28":6,"29":6,"30":0,"31":6,"32":6,"33":8,"34":9,"35":1,"36":1,"37":1,"38":0,"39":1,"40":1,"41":0,"42":1,"43":1,"44":0,"45":2},"f":{"0":28,"1":14,"2":14,"3":14,"4":14,"5":9,"6":1,"7":1,"8":1,"9":0,"10":1,"11":1,"12":0},"b":{"0":[14,14],"1":[0],"2":[0],"3":[14],"4":[14,14],"5":[14],"6":[6],"7":[0],"8":[0]}}
,"/Users/trevor/Downloads/active911/src/active911.ts": {"path":"/Users/trevor/Downloads/active911/src/active911.ts","statementMap":{"0":{"start":{"line":3,"column":25},"end":{"line":5,"column":2}}},"fnMap":{},"branchMap":{},"s":{"0":0},"f":{},"b":{}}
,"/Users/trevor/Downloads/active911/src/types.ts": {"path":"/Users/trevor/Downloads/active911/src/types.ts","statementMap":{"0":{"start":{"line":41,"column":1},"end":{"line":41,"column":null}},"1":{"start":{"line":83,"column":1},"end":{"line":83,"column":null}}},"fnMap":{},"branchMap":{},"s":{"0":0,"1":0},"f":{},"b":{}}
}
