TN:
SF:src/RefreshClient.ts
FN:13,(anonymous_0)
FN:23,(anonymous_1)
FN:30,(anonymous_2)
FN:62,(anonymous_3)
FN:71,(anonymous_4)
FN:98,(anonymous_5)
FN:102,(anonymous_6)
FN:106,(anonymous_7)
FN:119,(anonymous_8)
FN:123,(anonymous_9)
FN:127,(anonymous_10)
FN:131,(anonymous_11)
FN:135,(anonymous_12)
FNF:13
FNH:11
FNDA:28,(anonymous_0)
FNDA:14,(anonymous_1)
FNDA:14,(anonymous_2)
FNDA:14,(anonymous_3)
FNDA:14,(anonymous_4)
FNDA:9,(anonymous_5)
FNDA:1,(anonymous_6)
FNDA:1,(anonymous_7)
FNDA:1,(anonymous_8)
FNDA:0,(anonymous_9)
FNDA:1,(anonymous_10)
FNDA:1,(anonymous_11)
FNDA:0,(anonymous_12)
DA:13,2
DA:14,28
DA:15,28
DA:20,14
DA:21,14
DA:24,14
DA:25,0
DA:27,14
DA:31,14
DA:44,14
DA:45,0
DA:48,14
DA:49,14
DA:51,14
DA:52,14
DA:53,14
DA:54,14
DA:57,0
DA:63,14
DA:64,14
DA:65,14
DA:68,0
DA:72,14
DA:73,14
DA:74,14
DA:76,14
DA:83,14
DA:85,14
DA:86,6
DA:87,6
DA:88,0
DA:91,6
DA:92,6
DA:95,8
DA:99,9
DA:103,1
DA:110,1
DA:112,1
DA:113,0
DA:116,1
DA:120,1
DA:124,0
DA:128,1
DA:132,1
DA:136,0
DA:140,2
LF:46
LH:38
BRDA:15,0,0,14
BRDA:15,0,1,14
BRDA:24,1,0,0
BRDA:44,2,0,0
BRDA:51,3,0,14
BRDA:51,4,0,14
BRDA:51,4,1,14
BRDA:64,5,0,14
BRDA:85,6,0,6
BRDA:87,7,0,0
BRDA:112,8,0,0
BRF:11
BRH:7
end_of_record
TN:
SF:src/active911.ts
FNF:0
FNH:0
DA:3,0
LF:1
LH:0
BRF:0
BRH:0
end_of_record
TN:
SF:src/types.ts
FNF:0
FNH:0
DA:41,0
DA:83,0
LF:2
LH:0
BRF:0
BRH:0
end_of_record
